converged SCF energy = -1.08826645285862
# Number of MPI ranks: 4
#
# norb: 2
# nelec: (1, 1)
#
# n_eql: 10
# n_ene_blocks: 8
# n_sr_blocks: 50
# n_blocks: 20
# n_walkers: 100
# do_sr: True
# orbital_rotation: False
# walker_type: rhf
# trial: rhf
# ad_mode: reverse
# do_grad: True
# dt: 0.01
# n_prop_steps: 50
# seed: 948836
# symmetry: False
# save_walkers: False
# ene0: 0.0
# free_projection: False
#
Removed en_der_afqmc_0
Removed en_der_afqmc_2
Removed en_der_afqmc_3
Removed en_der_afqmc_1
# Equilibration sweeps:
#   Iter        Block energy      Walltime
#     0      -1.088266453e+00     1.01e+00 
#     1      -1.117597461e+00     3.17e+00 
#     2      -1.118902922e+00     5.11e+00 
#     3      -1.118527889e+00     5.38e+00 
#     4      -1.119975448e+00     5.63e+00 
#     5      -1.117113829e+00     5.88e+00 
#     6      -1.118978500e+00     6.12e+00 
#     7      -1.119977593e+00     6.37e+00 
#     8      -1.119449854e+00     6.61e+00 
#     9      -1.119153500e+00     6.86e+00 
#    10      -1.118901968e+00     7.12e+00 
#
# Sampling sweeps:
#  Iter        Mean energy          Stochastic error       Mean observable       Walltime
     0      -1.118708930e+00                -              0.000000000e+00       3.18e+01 
     2      -1.118801356e+00        3.026773176e-04        0.000000000e+00       6.44e+01 
     4      -1.119001975e+00        1.992035566e-04        0.000000000e+00       9.75e+01 
     6      -1.119088940e+00        1.576827965e-04        0.000000000e+00       1.33e+02 
     8      -1.119367512e+00        2.936067256e-04        0.000000000e+00       1.66e+02 
    10      -1.119391901e+00        2.475759359e-04        0.000000000e+00       1.99e+02 
    12      -1.119425026e+00        2.134136449e-04        0.000000000e+00       2.32e+02 
    14      -1.119429927e+00        1.938187893e-04        0.000000000e+00       2.65e+02 
    16      -1.119458560e+00        1.821759255e-04        0.000000000e+00       2.98e+02 
    18      -1.119383566e+00        1.687293742e-04        0.000000000e+00       3.31e+02 
#
# Number of large deviations: 0
# Number of outliers in post: 0 
#
# Mean: -1.11940835e+00
# Block size    # of blocks         Mean                Error
      1               80       -1.11940835e+00       1.562395e-04
      2               40       -1.11940835e+00       1.615166e-04
      5               16       -1.11940835e+00       1.279703e-04
     10                8       -1.11940835e+00       1.478943e-04
     20                4       -1.11940835e+00       1.783334e-04
# Stocahstic error estimate: 1.615166e-04
#
AFQMC energy: -1.1194 +/- 0.0002

AFQMC observable: 0.0

# RDM noise:
ph_afqmc walltime: 347.5230984687805
(18, 2, 2)
nchol: 18
nelec: 2
4
Blocking analysis done
--------------- AFQMC Gradient ---------------

[[ 0.          0.         -0.11062961]
 [ 0.          0.          0.11062961]]
--------------- Error ---------------

[[0.         0.         0.00019479]
 [0.         0.         0.00019479]]
----------------------------------------------
r = 1.8
--------------- DFRHF gradients ---------------
         x                y                z
0 H     0.0000000000     0.0000000000    -0.1395646871
1 H     0.0000000000     0.0000000000     0.1395646871
----------------------------------------------
E(RCCSD) = -1.120721372648876  E_corr = -0.03245491979025713
--------------- RCCSD gradients ---------------
         x                y                z
0 H     0.0000000000     0.0000000000    -0.1043133599
1 H     0.0000000000     0.0000000000     0.1043133599
----------------------------------------------
