converged SCF energy = -2.14336311495224

Preparing Dice calculation
True only int
Starting Dice calculation
Finished Dice calculation

#
# Preparing AFQMC calculation
# Calculating Cholesky integrals
# Finished calculating Cholesky integrals

# Size of the correlation space:
# Number of electrons: (2, 2)
# Number of basis functions: 4
# Number of Cholesky vectors: 9

# Number of MPI ranks: 4
#
# norb: 4
# nelec: (2, 2)
#
# n_eql: 2
# n_ene_blocks: 1
# n_sr_blocks: 50
# n_blocks: 50
# n_walkers: 10
# seed: 98
# ad_mode: None
# walker_type: rhf
# trial: multislater
# orbital_rotation: False
# do_sr: True
# numCore: 0
# dt: 0.01
# n_prop_steps: 50
# symmetry: False
# save_walkers: False
# ene0: 0.0
# free_projection: False
#
# Equilibration sweeps:
#   Iter        Block energy      Walltime
#     0      -2.194152599e+00     1.22e+01 
#     1      -2.194153070e+00     3.40e+01 
#     2      -2.194152832e+00     5.56e+01 
#
# Sampling sweeps:
#  Iter        Mean energy          Stochastic error       Walltime
     0      -2.194152892e+00                -              7.85e+01 
     5      -2.194152872e+00        4.316027142e-08        8.06e+01 
    10      -2.194152865e+00        3.424245388e-08        8.26e+01 
    15      -2.194152851e+00        2.744276088e-08        8.47e+01 
    20      -2.194152838e+00        2.402683782e-08        8.67e+01 
    25      -2.194152850e+00        2.164243590e-08        8.88e+01 
    30      -2.194152851e+00        1.911192062e-08        9.09e+01 
    35      -2.194152859e+00        1.750644183e-08        9.29e+01 
    40      -2.194152864e+00        1.595998691e-08        9.50e+01 
    45      -2.194152855e+00        1.520573213e-08        9.70e+01 
#
# Number of large deviations: 0
# Number of outliers in post: 0 
#
# Mean: -2.19415286e+00
# Block size    # of blocks         Mean                Error
      1              200       -2.19415286e+00       1.439348e-08
      2              100       -2.19415286e+00       1.412883e-08
      5               40       -2.19415286e+00       1.545319e-08
     10               20       -2.19415286e+00       1.820012e-08
     20               10       -2.19415286e+00       2.167310e-08
     50                4       -2.19415286e+00       5.653379e-09
# Stocahstic error estimate: 1.439348e-08
#
AFQMC energy: -2.19415286 +/- 0.00000001

ph_afqmc walltime: 98.70529246330261
